<?xml version="1.0" encoding="UTF-8"?>
<!-- Generated by org.testng.reporters.JUnitReportReporter -->
<testsuite skipped="0" hostname="DESKTOP-D3HDG58" name="com.businesscomponents.CommBankLoginTest" tests="1" failures="0" timestamp="2020-09-06T11:28:16 AEST" time="19.596" errors="0">
  <testcase name="commBankTravelMoneyOverSeas" time="19.596" classname="com.businesscomponents.CommBankLoginTest"/>
  <system-out>
Verifying expected value Features & benefitswith actual valueFeatures & benefits Verifying expected value Currency converterwith actual valueCurrency converter Verifying expected value Reload nowwith actual valueReload now Verifying expected value Rates & feeswith actual valueRates & fees Verifying expected value How it workswith actual valueHow it works Verifying expected value Manage your cardwith actual valueManage your card  </system-out>
</testsuite> <!-- com.businesscomponents.CommBankLoginTest -->
