<?xml version="1.0" encoding="UTF-8"?>
<!-- Generated by org.testng.reporters.JUnitReportReporter -->
<testsuite skipped="0" hostname="DESKTOP-NPIU4CH" name="apichallenge.GumtreeApiChallenge" tests="1" failures="0" timestamp="2022-03-23T23:01:08 AEDT" time="2.796" errors="0">
  <testcase name="verifySydneyWeatherOnThursdays" time="2.796" classname="apichallenge.GumtreeApiChallenge"/>
  <system-out/>
</testsuite> <!-- apichallenge.GumtreeApiChallenge -->
