<?xml version="1.0" encoding="UTF-8"?>
<!-- Generated by org.testng.reporters.JUnitReportReporter -->
<testsuite skipped="0" hostname="DESKTOP-NPIU4CH" name="com.businesscomponents.GumtreeCodeChallenge" tests="1" failures="0" timestamp="2022-03-23T23:01:08 AEDT" time="25.883" errors="0">
  <testcase name="commBankTravelMoneyOverSeas" time="25.883" classname="com.businesscomponents.GumtreeCodeChallenge"/>
  <system-out/>
</testsuite> <!-- com.businesscomponents.GumtreeCodeChallenge -->
